<?xml version="1.0" encoding="UTF-8"?>
<testng-results ignored="0" total="1" passed="1" failed="0" skipped="0">
  <reporter-output>
  </reporter-output>
  <suite started-at="2026-01-16T16:51:05 IST" name="Surefire suite" finished-at="2026-01-16T16:52:37 IST" duration-ms="92463">
    <groups>
    </groups>
    <test started-at="2026-01-16T16:51:05 IST" name="Surefire test" finished-at="2026-01-16T16:52:37 IST" duration-ms="92463">
      <class name="tests.SampleTest">
        <test-method signature="launchBrowser()[pri:0, instance:tests.SampleTest@3d299e3]" started-at="2026-01-16T16:51:05 IST" name="launchBrowser" finished-at="2026-01-16T16:52:37 IST" duration-ms="92434" status="PASS">
          <reporter-output>
          </reporter-output>
        </test-method> <!-- launchBrowser -->
      </class> <!-- tests.SampleTest -->
    </test> <!-- Surefire test -->
  </suite> <!-- Surefire suite -->
</testng-results>
